app/build/intermediates/manifest_merge_blame_file/debug/manifest-merger-blame-debug-report.txt
1<?xml version="1.0" encoding="utf-8"?>
2<manifest xmlns:android="http://schemas.android.com/apk/res/android"
3    package="hbm.cpapp"
4    android:versionCode="1"
5    android:versionName="1.0" >
6
7    <uses-sdk
8        android:minSdkVersion="15"
8-->src\main\AndroidManifest.xml
9        android:targetSdkVersion="27" />
9-->src\main\AndroidManifest.xml
10
11    <uses-permission android:name="android.permission.INTERNET" />
11-->src\main\AndroidManifest.xml:31:5-67
11-->src\main\AndroidManifest.xml:31:22-64
12    <uses-permission android:name="android.permission.CAMERA" /> <!-- Don't require camera, as this requires a rear camera. This allows it to work on the Nexus 7 -->
12-->[com.journeyapps:zxing-android-embedded:3.4.0] AndroidManifest.xml:21:5-65
12-->[com.journeyapps:zxing-android-embedded:3.4.0] AndroidManifest.xml:21:22-62
13    <uses-feature
13-->[com.journeyapps:zxing-android-embedded:3.4.0] AndroidManifest.xml:24:5-26:36
14        android:name="android.hardware.camera"
14-->[com.journeyapps:zxing-android-embedded:3.4.0] AndroidManifest.xml:25:9-47
15        android:required="false" />
15-->[com.journeyapps:zxing-android-embedded:3.4.0] AndroidManifest.xml:26:9-33
16    <uses-feature
16-->[com.journeyapps:zxing-android-embedded:3.4.0] AndroidManifest.xml:27:5-29:36
17        android:name="android.hardware.camera.front"
17-->[com.journeyapps:zxing-android-embedded:3.4.0] AndroidManifest.xml:28:9-53
18        android:required="false" /> <!-- TODO replace above two with next line after Android 4.2 -->
18-->[com.journeyapps:zxing-android-embedded:3.4.0] AndroidManifest.xml:29:9-33
19    <!-- <uses-feature android:name="android.hardware.camera.any"/> -->
20    <uses-feature
20-->[com.journeyapps:zxing-android-embedded:3.4.0] AndroidManifest.xml:32:5-34:36
21        android:name="android.hardware.camera.autofocus"
21-->[com.journeyapps:zxing-android-embedded:3.4.0] AndroidManifest.xml:33:9-57
22        android:required="false" />
22-->[com.journeyapps:zxing-android-embedded:3.4.0] AndroidManifest.xml:34:9-33
23    <uses-feature
23-->[com.journeyapps:zxing-android-embedded:3.4.0] AndroidManifest.xml:35:5-37:36
24        android:name="android.hardware.camera.flash"
24-->[com.journeyapps:zxing-android-embedded:3.4.0] AndroidManifest.xml:36:9-53
25        android:required="false" />
25-->[com.journeyapps:zxing-android-embedded:3.4.0] AndroidManifest.xml:37:9-33
26    <uses-feature
26-->[com.journeyapps:zxing-android-embedded:3.4.0] AndroidManifest.xml:38:5-40:36
27        android:name="android.hardware.screen.landscape"
27-->[com.journeyapps:zxing-android-embedded:3.4.0] AndroidManifest.xml:39:9-57
28        android:required="false" />
28-->[com.journeyapps:zxing-android-embedded:3.4.0] AndroidManifest.xml:40:9-33
29    <uses-feature
29-->[com.journeyapps:zxing-android-embedded:3.4.0] AndroidManifest.xml:41:5-43:36
30        android:name="android.hardware.wifi"
30-->[com.journeyapps:zxing-android-embedded:3.4.0] AndroidManifest.xml:42:9-45
31        android:required="false" />
31-->[com.journeyapps:zxing-android-embedded:3.4.0] AndroidManifest.xml:43:9-33
32
33    <uses-permission android:name="android.permission.ACCESS_NETWORK_STATE" />
33-->[com.google.firebase:firebase-analytics:11.8.0] AndroidManifest.xml:24:5-79
33-->[com.google.firebase:firebase-analytics:11.8.0] AndroidManifest.xml:24:22-76
34    <uses-permission android:name="android.permission.WAKE_LOCK" /> <!-- Required by older versions of Google Play services to create IID tokens -->
34-->[com.google.firebase:firebase-analytics:11.8.0] AndroidManifest.xml:25:5-68
34-->[com.google.firebase:firebase-analytics:11.8.0] AndroidManifest.xml:25:22-65
35    <uses-permission android:name="com.google.android.c2dm.permission.RECEIVE" />
35-->[com.google.firebase:firebase-iid:11.8.0] AndroidManifest.xml:26:5-82
35-->[com.google.firebase:firebase-iid:11.8.0] AndroidManifest.xml:26:22-79
36
37    <permission
37-->[com.google.firebase:firebase-iid:11.8.0] AndroidManifest.xml:28:5-30:47
38        android:name="hbm.cpapp.permission.C2D_MESSAGE"
38-->[com.google.firebase:firebase-iid:11.8.0] AndroidManifest.xml:29:9-63
39        android:protectionLevel="signature" />
39-->[com.google.firebase:firebase-iid:11.8.0] AndroidManifest.xml:30:9-44
40
41    <uses-permission android:name="hbm.cpapp.permission.C2D_MESSAGE" />
41-->[com.google.firebase:firebase-iid:11.8.0] AndroidManifest.xml:32:5-79
41-->[com.google.firebase:firebase-iid:11.8.0] AndroidManifest.xml:32:22-76
42
43    <application
43-->src\main\AndroidManifest.xml:5:5-29:19
44        android:allowBackup="true"
44-->src\main\AndroidManifest.xml:6:9-35
45        android:debuggable="true"
46        android:icon="@mipmap/ic_launcher"
46-->src\main\AndroidManifest.xml:7:9-43
47        android:label="@string/app_name"
47-->src\main\AndroidManifest.xml:8:9-41
48        android:roundIcon="@mipmap/ic_launcher_round"
48-->src\main\AndroidManifest.xml:9:9-54
49        android:screenOrientation="portrait"
49-->src\main\AndroidManifest.xml:10:9-45
50        android:supportsRtl="true"
50-->src\main\AndroidManifest.xml:11:9-35
51        android:theme="@style/AppTheme" >
51-->src\main\AndroidManifest.xml:12:9-40
52        <activity
52-->src\main\AndroidManifest.xml:13:9-21:20
53            android:name="hbm.cpapp.Intro"
53-->src\main\AndroidManifest.xml:14:13-34
54            android:theme="@style/Theme.AppCompat.NoActionBar" >
54-->src\main\AndroidManifest.xml:15:13-63
55            <intent-filter>
55-->src\main\AndroidManifest.xml:16:13-20:29
56                <action android:name="android.intent.action.MAIN" />
56-->src\main\AndroidManifest.xml:17:17-69
56-->src\main\AndroidManifest.xml:17:25-66
57
58                <category android:name="android.intent.category.LAUNCHER" />
58-->src\main\AndroidManifest.xml:19:17-77
58-->src\main\AndroidManifest.xml:19:27-74
59            </intent-filter>
60        </activity>
61        <activity android:name="hbm.cpapp.Ingreso" />
61-->src\main\AndroidManifest.xml:22:9-45
61-->src\main\AndroidManifest.xml:22:19-42
62        <activity
62-->src\main\AndroidManifest.xml:23:9-26:59
63            android:name="hbm.cpapp.MainActivity"
63-->src\main\AndroidManifest.xml:24:13-41
64            android:label="@string/app_name"
64-->src\main\AndroidManifest.xml:25:13-45
65            android:theme="@style/AppTheme.NoActionBar" />
65-->src\main\AndroidManifest.xml:26:13-56
66        <activity android:name="hbm.cpapp.Vista1" />
66-->src\main\AndroidManifest.xml:27:9-44
66-->src\main\AndroidManifest.xml:27:19-41
67        <activity android:name="hbm.cpapp.Asistencia" />
67-->src\main\AndroidManifest.xml:28:9-48
67-->src\main\AndroidManifest.xml:28:19-45
68        <activity
68-->[com.journeyapps:zxing-android-embedded:3.4.0] AndroidManifest.xml:46:9-52:63
69            android:name="com.journeyapps.barcodescanner.CaptureActivity"
69-->[com.journeyapps:zxing-android-embedded:3.4.0] AndroidManifest.xml:47:13-74
70            android:clearTaskOnLaunch="true"
70-->[com.journeyapps:zxing-android-embedded:3.4.0] AndroidManifest.xml:48:13-45
71            android:screenOrientation="sensorLandscape"
71-->[com.journeyapps:zxing-android-embedded:3.4.0] AndroidManifest.xml:49:13-56
72            android:stateNotNeeded="true"
72-->[com.journeyapps:zxing-android-embedded:3.4.0] AndroidManifest.xml:50:13-42
73            android:theme="@style/zxing_CaptureTheme"
73-->[com.journeyapps:zxing-android-embedded:3.4.0] AndroidManifest.xml:51:13-54
74            android:windowSoftInputMode="stateAlwaysHidden" />
74-->[com.journeyapps:zxing-android-embedded:3.4.0] AndroidManifest.xml:52:13-60
75        <activity
75-->[com.google.firebase:firebase-auth:11.8.0] AndroidManifest.xml:23:9-29:75
76            android:name="com.google.firebase.auth.internal.FederatedSignInActivity"
76-->[com.google.firebase:firebase-auth:11.8.0] AndroidManifest.xml:24:13-85
77            android:excludeFromRecents="true"
77-->[com.google.firebase:firebase-auth:11.8.0] AndroidManifest.xml:25:13-46
78            android:exported="true"
78-->[com.google.firebase:firebase-auth:11.8.0] AndroidManifest.xml:26:13-36
79            android:launchMode="singleInstance"
79-->[com.google.firebase:firebase-auth:11.8.0] AndroidManifest.xml:27:13-48
80            android:permission="com.google.firebase.auth.api.gms.permission.LAUNCH_FEDERATED_SIGN_IN"
80-->[com.google.firebase:firebase-auth:11.8.0] AndroidManifest.xml:28:13-102
81            android:theme="@android:style/Theme.Translucent.NoTitleBar" />
81-->[com.google.firebase:firebase-auth:11.8.0] AndroidManifest.xml:29:13-72
82        <activity
82-->[com.google.android.gms:play-services-auth:11.8.0] AndroidManifest.xml:23:9-27:75
83            android:name="com.google.android.gms.auth.api.signin.internal.SignInHubActivity"
83-->[com.google.android.gms:play-services-auth:11.8.0] AndroidManifest.xml:24:13-93
84            android:excludeFromRecents="true"
84-->[com.google.android.gms:play-services-auth:11.8.0] AndroidManifest.xml:25:13-46
85            android:exported="false"
85-->[com.google.android.gms:play-services-auth:11.8.0] AndroidManifest.xml:26:13-37
86            android:theme="@android:style/Theme.Translucent.NoTitleBar" />
86-->[com.google.android.gms:play-services-auth:11.8.0] AndroidManifest.xml:27:13-72
87        <!--
88            Service handling Google Sign-In user revocation. For apps that do not integrate with
89            Google Sign-In, this service will never be started.
90        -->
91        <service
91-->[com.google.android.gms:play-services-auth:11.8.0] AndroidManifest.xml:33:9-36:110
92            android:name="com.google.android.gms.auth.api.signin.RevocationBoundService"
92-->[com.google.android.gms:play-services-auth:11.8.0] AndroidManifest.xml:34:13-89
93            android:exported="true"
93-->[com.google.android.gms:play-services-auth:11.8.0] AndroidManifest.xml:35:13-36
94            android:permission="com.google.android.gms.auth.api.signin.permission.REVOCATION_NOTIFICATION" />
94-->[com.google.android.gms:play-services-auth:11.8.0] AndroidManifest.xml:36:13-107
95
96        <activity
96-->[com.google.android.gms:play-services-base:11.8.0] AndroidManifest.xml:23:9-26:75
97            android:name="com.google.android.gms.common.api.GoogleApiActivity"
97-->[com.google.android.gms:play-services-base:11.8.0] AndroidManifest.xml:24:13-79
98            android:exported="false"
98-->[com.google.android.gms:play-services-base:11.8.0] AndroidManifest.xml:25:13-37
99            android:theme="@android:style/Theme.Translucent.NoTitleBar" />
99-->[com.google.android.gms:play-services-base:11.8.0] AndroidManifest.xml:26:13-72
100
101        <receiver
101-->[com.google.firebase:firebase-analytics:11.8.0] AndroidManifest.xml:28:9-32:20
102            android:name="com.google.android.gms.measurement.AppMeasurementReceiver"
102-->[com.google.firebase:firebase-analytics:11.8.0] AndroidManifest.xml:29:13-85
103            android:enabled="true"
103-->[com.google.firebase:firebase-analytics:11.8.0] AndroidManifest.xml:30:13-35
104            android:exported="false" >
104-->[com.google.firebase:firebase-analytics:11.8.0] AndroidManifest.xml:31:13-37
105        </receiver>
106        <receiver
106-->[com.google.firebase:firebase-analytics:11.8.0] AndroidManifest.xml:33:9-41:20
107            android:name="com.google.android.gms.measurement.AppMeasurementInstallReferrerReceiver"
107-->[com.google.firebase:firebase-analytics:11.8.0] AndroidManifest.xml:34:13-100
108            android:enabled="true"
108-->[com.google.firebase:firebase-analytics:11.8.0] AndroidManifest.xml:35:13-35
109            android:exported="true"
109-->[com.google.firebase:firebase-analytics:11.8.0] AndroidManifest.xml:36:13-36
110            android:permission="android.permission.INSTALL_PACKAGES" >
110-->[com.google.firebase:firebase-analytics:11.8.0] AndroidManifest.xml:37:13-69
111            <intent-filter>
111-->[com.google.firebase:firebase-analytics:11.8.0] AndroidManifest.xml:38:13-40:29
112                <action android:name="com.android.vending.INSTALL_REFERRER" />
112-->[com.google.firebase:firebase-analytics:11.8.0] AndroidManifest.xml:39:17-79
112-->[com.google.firebase:firebase-analytics:11.8.0] AndroidManifest.xml:39:25-76
113            </intent-filter>
114        </receiver>
115
116        <service
116-->[com.google.firebase:firebase-analytics:11.8.0] AndroidManifest.xml:43:9-46:40
117            android:name="com.google.android.gms.measurement.AppMeasurementService"
117-->[com.google.firebase:firebase-analytics:11.8.0] AndroidManifest.xml:44:13-84
118            android:enabled="true"
118-->[com.google.firebase:firebase-analytics:11.8.0] AndroidManifest.xml:45:13-35
119            android:exported="false" />
119-->[com.google.firebase:firebase-analytics:11.8.0] AndroidManifest.xml:46:13-37
120        <service
120-->[com.google.firebase:firebase-analytics:11.8.0] AndroidManifest.xml:47:9-51:72
121            android:name="com.google.android.gms.measurement.AppMeasurementJobService"
121-->[com.google.firebase:firebase-analytics:11.8.0] AndroidManifest.xml:48:13-87
122            android:enabled="true"
122-->[com.google.firebase:firebase-analytics:11.8.0] AndroidManifest.xml:49:13-35
123            android:exported="false"
123-->[com.google.firebase:firebase-analytics:11.8.0] AndroidManifest.xml:50:13-37
124            android:permission="android.permission.BIND_JOB_SERVICE" />
124-->[com.google.firebase:firebase-analytics:11.8.0] AndroidManifest.xml:51:13-69
125
126        <receiver
126-->[com.google.firebase:firebase-iid:11.8.0] AndroidManifest.xml:35:9-44:20
127            android:name="com.google.firebase.iid.FirebaseInstanceIdReceiver"
127-->[com.google.firebase:firebase-iid:11.8.0] AndroidManifest.xml:36:13-78
128            android:exported="true"
128-->[com.google.firebase:firebase-iid:11.8.0] AndroidManifest.xml:37:13-36
129            android:permission="com.google.android.c2dm.permission.SEND" >
129-->[com.google.firebase:firebase-iid:11.8.0] AndroidManifest.xml:38:13-73
130            <intent-filter>
130-->[com.google.firebase:firebase-iid:11.8.0] AndroidManifest.xml:39:13-43:29
131                <action android:name="com.google.android.c2dm.intent.RECEIVE" />
131-->[com.google.firebase:firebase-iid:11.8.0] AndroidManifest.xml:40:17-81
131-->[com.google.firebase:firebase-iid:11.8.0] AndroidManifest.xml:40:25-78
132
133                <category android:name="hbm.cpapp" />
133-->[com.google.firebase:firebase-iid:11.8.0] AndroidManifest.xml:42:17-61
133-->[com.google.firebase:firebase-iid:11.8.0] AndroidManifest.xml:42:27-58
134            </intent-filter>
135        </receiver>
136        <!--
137             FirebaseInstanceIdService performs security checks at runtime,
138             no need for explicit permissions despite exported="true"
139        -->
140        <service
140-->[com.google.firebase:firebase-iid:11.8.0] AndroidManifest.xml:50:9-56:19
141            android:name="com.google.firebase.iid.FirebaseInstanceIdService"
141-->[com.google.firebase:firebase-iid:11.8.0] AndroidManifest.xml:51:13-77
142            android:exported="true" >
142-->[com.google.firebase:firebase-iid:11.8.0] AndroidManifest.xml:52:13-36
143            <intent-filter android:priority="-500" >
143-->[com.google.firebase:firebase-iid:11.8.0] AndroidManifest.xml:53:13-55:29
143-->[com.google.firebase:firebase-iid:11.8.0] AndroidManifest.xml:53:28-51
144                <action android:name="com.google.firebase.INSTANCE_ID_EVENT" />
144-->[com.google.firebase:firebase-iid:11.8.0] AndroidManifest.xml:54:17-80
144-->[com.google.firebase:firebase-iid:11.8.0] AndroidManifest.xml:54:25-77
145            </intent-filter>
146        </service>
147
148        <provider
148-->[com.google.firebase:firebase-common:11.8.0] AndroidManifest.xml:8:9-12:39
149            android:name="com.google.firebase.provider.FirebaseInitProvider"
149-->[com.google.firebase:firebase-common:11.8.0] AndroidManifest.xml:9:13-77
150            android:authorities="hbm.cpapp.firebaseinitprovider"
150-->[com.google.firebase:firebase-common:11.8.0] AndroidManifest.xml:10:13-72
151            android:exported="false"
151-->[com.google.firebase:firebase-common:11.8.0] AndroidManifest.xml:11:13-37
152            android:initOrder="100" />
152-->[com.google.firebase:firebase-common:11.8.0] AndroidManifest.xml:12:13-36
153
154        <meta-data
154-->[com.google.android.gms:play-services-basement:11.8.0] AndroidManifest.xml:23:9-25:69
155            android:name="com.google.android.gms.version"
155-->[com.google.android.gms:play-services-basement:11.8.0] AndroidManifest.xml:24:13-58
156            android:value="@integer/google_play_services_version" />
156-->[com.google.android.gms:play-services-basement:11.8.0] AndroidManifest.xml:25:13-66
157    </application>
158
159</manifest>